<?xml version="1.0" encoding="UTF-8"?>
<!-- Generated by org.testng.reporters.JUnitReportReporter -->
<testsuite skipped="0" hostname="LAPTOP-3CPJ03MF" name="SmokeTest" tests="8" failures="0" timestamp="16 May 2018 14:49:25 GMT" time="59.518" errors="0">
  <testcase name="verifySendmsgContact" time="3.957" classname="SmokeTest"/>
  <testcase name="verifyPasswordStrengthBar" time="1.844" classname="SmokeTest"/>
  <testcase name="verifyInvalidSend" time="4.313" classname="SmokeTest"/>
  <testcase name="verifyNewWindowIsOpened" time="2.662" classname="SmokeTest"/>
  <testcase name="verifyFirstItemIsSelected" time="7.028" classname="SmokeTest"/>
  <testcase name="registerProduct" time="26.161" classname="SmokeTest"/>
  <testcase name="verifyAutoCompleteFirstSuggestion" time="8.749" classname="SmokeTest"/>
  <testcase name="verifyPasswordRequiredMessage" time="4.804" classname="SmokeTest"/>
</testsuite> <!-- SmokeTest -->
